# JRE version: Java(TM) SE Runtime Environment (8.0_341-b10) (build 1.8.0_341-b10)
# Java VM: Java HotSpot(TM) 64-Bit Server VM (25.341-b10 mixed mode windows-amd64 compressed oops)
Heap:
 PSYoungGen      total 137216K, used 43077K [0x000000076b700000, 0x0000000774880000, 0x00000007c0000000)
  eden space 126464K, 25% used [0x000000076b700000,0x000000076d695280,0x0000000773280000)
  from space 10752K, 99% used [0x0000000773e00000,0x000000077487c4e8,0x0000000774880000)
  to   space 10752K, 0% used [0x0000000773380000,0x0000000773380000,0x0000000773e00000)
 ParOldGen       total 73216K, used 11229K [0x00000006c2400000, 0x00000006c6b80000, 0x000000076b700000)
  object space 73216K, 15% used [0x00000006c2400000,0x00000006c2ef7738,0x00000006c6b80000)
 Metaspace       used 33264K, capacity 34329K, committed 34560K, reserved 1079296K
  class space    used 4249K, capacity 4489K, committed 4608K, reserved 1048576K
GC Heap History (10 events):
Event: 4.432 GC heap before
{Heap before GC invocations=1 (full 0):
 PSYoungGen      total 75776K, used 65024K [0x000000076b700000, 0x0000000770b80000, 0x00000007c0000000)
  eden space 65024K, 100% used [0x000000076b700000,0x000000076f680000,0x000000076f680000)
  from space 10752K, 0% used [0x0000000770100000,0x0000000770100000,0x0000000770b80000)
  to   space 10752K, 0% used [0x000000076f680000,0x000000076f680000,0x0000000770100000)
 ParOldGen       total 173568K, used 0K [0x00000006c2400000, 0x00000006ccd80000, 0x000000076b700000)
  object space 173568K, 0% used [0x00000006c2400000,0x00000006c2400000,0x00000006ccd80000)
 Metaspace       used 20447K, capacity 20822K, committed 21120K, reserved 1067008K
  class space    used 2479K, capacity 2594K, committed 2688K, reserved 1048576K
Event: 4.437 GC heap after
Heap after GC invocations=1 (full 0):
 PSYoungGen      total 75776K, used 8916K [0x000000076b700000, 0x0000000770b80000, 0x00000007c0000000)
  eden space 65024K, 0% used [0x000000076b700000,0x000000076b700000,0x000000076f680000)
  from space 10752K, 82% used [0x000000076f680000,0x000000076ff35318,0x0000000770100000)
  to   space 10752K, 0% used [0x0000000770100000,0x0000000770100000,0x0000000770b80000)
 ParOldGen       total 173568K, used 32K [0x00000006c2400000, 0x00000006ccd80000, 0x000000076b700000)
  object space 173568K, 0% used [0x00000006c2400000,0x00000006c2408000,0x00000006ccd80000)
 Metaspace       used 20447K, capacity 20822K, committed 21120K, reserved 1067008K
  class space    used 2479K, capacity 2594K, committed 2688K, reserved 1048576K
}
Event: 4.448 GC heap before
{Heap before GC invocations=2 (full 0):
 PSYoungGen      total 75776K, used 13481K [0x000000076b700000, 0x0000000770b80000, 0x00000007c0000000)
  eden space 65024K, 7% used [0x000000076b700000,0x000000076bb75390,0x000000076f680000)
  from space 10752K, 82% used [0x000000076f680000,0x000000076ff35318,0x0000000770100000)
  to   space 10752K, 0% used [0x0000000770100000,0x0000000770100000,0x0000000770b80000)
 ParOldGen       total 173568K, used 32K [0x00000006c2400000, 0x00000006ccd80000, 0x000000076b700000)
  object space 173568K, 0% used [0x00000006c2400000,0x00000006c2408000,0x00000006ccd80000)
 Metaspace       used 20730K, capacity 21076K, committed 21296K, reserved 1069056K
  class space    used 2511K, capacity 2635K, committed 2688K, reserved 1048576K
Event: 4.452 GC heap after
Heap after GC invocations=2 (full 0):
 PSYoungGen      total 75776K, used 6059K [0x000000076b700000, 0x0000000774b00000, 0x00000007c0000000)
  eden space 65024K, 0% used [0x000000076b700000,0x000000076b700000,0x000000076f680000)
  from space 10752K, 56% used [0x0000000770100000,0x00000007706eae10,0x0000000770b80000)
  to   space 10752K, 0% used [0x000000076f680000,0x000000076f680000,0x0000000770100000)
 ParOldGen       total 173568K, used 40K [0x00000006c2400000, 0x00000006ccd80000, 0x000000076b700000)
  object space 173568K, 0% used [0x00000006c2400000,0x00000006c240a000,0x00000006ccd80000)
 Metaspace       used 20730K, capacity 21076K, committed 21296K, reserved 1069056K
  class space    used 2511K, capacity 2635K, committed 2688K, reserved 1048576K
}
Event: 4.452 GC heap before
{Heap before GC invocations=3 (full 1):
 PSYoungGen      total 75776K, used 6059K [0x000000076b700000, 0x0000000774b00000, 0x00000007c0000000)
  eden space 65024K, 0% used [0x000000076b700000,0x000000076b700000,0x000000076f680000)
  from space 10752K, 56% used [0x0000000770100000,0x00000007706eae10,0x0000000770b80000)
  to   space 10752K, 0% used [0x000000076f680000,0x000000076f680000,0x0000000770100000)
 ParOldGen       total 173568K, used 40K [0x00000006c2400000, 0x00000006ccd80000, 0x000000076b700000)
  object space 173568K, 0% used [0x00000006c2400000,0x00000006c240a000,0x00000006ccd80000)
 Metaspace       used 20730K, capacity 21076K, committed 21296K, reserved 1069056K
  class space    used 2511K, capacity 2635K, committed 2688K, reserved 1048576K
Event: 4.467 GC heap after
Heap after GC invocations=3 (full 1):
 PSYoungGen      total 75776K, used 0K [0x000000076b700000, 0x0000000774b00000, 0x00000007c0000000)
  eden space 65024K, 0% used [0x000000076b700000,0x000000076b700000,0x000000076f680000)
  from space 10752K, 0% used [0x0000000770100000,0x0000000770100000,0x0000000770b80000)
  to   space 10752K, 0% used [0x000000076f680000,0x000000076f680000,0x0000000770100000)
 ParOldGen       total 73216K, used 5802K [0x00000006c2400000, 0x00000006c6b80000, 0x000000076b700000)
  object space 73216K, 7% used [0x00000006c2400000,0x00000006c29aa988,0x00000006c6b80000)
 Metaspace       used 20730K, capacity 21076K, committed 21296K, reserved 1069056K
  class space    used 2511K, capacity 2635K, committed 2688K, reserved 1048576K
}
Event: 5.311 GC heap before
{Heap before GC invocations=4 (full 1):
 PSYoungGen      total 75776K, used 65024K [0x000000076b700000, 0x0000000774b00000, 0x00000007c0000000)
  eden space 65024K, 100% used [0x000000076b700000,0x000000076f680000,0x000000076f680000)
  from space 10752K, 0% used [0x0000000770100000,0x0000000770100000,0x0000000770b80000)
  to   space 10752K, 0% used [0x000000076f680000,0x000000076f680000,0x0000000770100000)
 ParOldGen       total 73216K, used 6826K [0x00000006c2400000, 0x00000006c6b80000, 0x000000076b700000)
  object space 73216K, 9% used [0x00000006c2400000,0x00000006c2aaa998,0x00000006c6b80000)
 Metaspace       used 29227K, capacity 30130K, committed 30208K, reserved 1075200K
  class space    used 3866K, capacity 4086K, committed 4096K, reserved 1048576K
Event: 5.315 GC heap after
Heap after GC invocations=4 (full 1):
 PSYoungGen      total 75776K, used 10722K [0x000000076b700000, 0x0000000774880000, 0x00000007c0000000)
  eden space 65024K, 0% used [0x000000076b700000,0x000000076b700000,0x000000076f680000)
  from space 10752K, 99% used [0x000000076f680000,0x00000007700f8830,0x0000000770100000)
  to   space 10752K, 0% used [0x0000000773e00000,0x0000000773e00000,0x0000000774880000)
 ParOldGen       total 73216K, used 10274K [0x00000006c2400000, 0x00000006c6b80000, 0x000000076b700000)
  object space 73216K, 14% used [0x00000006c2400000,0x00000006c2e08b90,0x00000006c6b80000)
 Metaspace       used 29227K, capacity 30130K, committed 30208K, reserved 1075200K
  class space    used 3866K, capacity 4086K, committed 4096K, reserved 1048576K
}
Event: 13.872 GC heap before
{Heap before GC invocations=5 (full 1):
 PSYoungGen      total 75776K, used 75746K [0x000000076b700000, 0x0000000774880000, 0x00000007c0000000)
  eden space 65024K, 100% used [0x000000076b700000,0x000000076f680000,0x000000076f680000)
  from space 10752K, 99% used [0x000000076f680000,0x00000007700f8830,0x0000000770100000)
  to   space 10752K, 0% used [0x0000000773e00000,0x0000000773e00000,0x0000000774880000)
 ParOldGen       total 73216K, used 10280K [0x00000006c2400000, 0x00000006c6b80000, 0x000000076b700000)
  object space 73216K, 14% used [0x00000006c2400000,0x00000006c2e0a2b8,0x00000006c6b80000)
 Metaspace       used 30735K, capacity 31738K, committed 31872K, reserved 1077248K
  class space    used 3966K, capacity 4194K, committed 4224K, reserved 1048576K
Event: 13.877 GC heap after
Heap after GC invocations=5 (full 1):
 PSYoungGen      total 137216K, used 10737K [0x000000076b700000, 0x0000000774880000, 0x00000007c0000000)
  eden space 126464K, 0% used [0x000000076b700000,0x000000076b700000,0x0000000773280000)
  from space 10752K, 99% used [0x0000000773e00000,0x000000077487c4e8,0x0000000774880000)
  to   space 10752K, 0% used [0x0000000773380000,0x0000000773380000,0x0000000773e00000)
 ParOldGen       total 73216K, used 11229K [0x00000006c2400000, 0x00000006c6b80000, 0x000000076b700000)
  object space 73216K, 15% used [0x00000006c2400000,0x00000006c2ef7738,0x00000006c6b80000)
 Metaspace       used 30735K, capacity 31738K, committed 31872K, reserved 1077248K
  class space    used 3966K, capacity 4194K, committed 4224K, reserved 1048576K
}

